-------------------------------------------------------------------------------
Test set: com.ds.microservices.hotelbookingservice.HotelBookingServiceApplicationTests
-------------------------------------------------------------------------------
Tests run: 1, Failures: 0, Errors: 1, Skipped: 0, Time elapsed: 35.54 s <<< FAILURE! - in com.ds.microservices.hotelbookingservice.HotelBookingServiceApplicationTests
contextLoads  Time elapsed: 0.004 s  <<< ERROR!
java.lang.IllegalStateException: Failed to load ApplicationContext
Caused by: org.springframework.beans.factory.UnsatisfiedDependencyException: Error creating bean with name 'hotelBookingController': Unsatisfied dependency expressed through field 'hotelBookingService'; nested exception is org.springframework.beans.factory.UnsatisfiedDependencyException: Error creating bean with name 'hotelBookingImpl': Unsatisfied dependency expressed through field 'hotelbookingrepository'; nested exception is org.springframework.beans.factory.BeanCreationException: Error creating bean with name 'hotelBookingRepository' defined in com.ds.microservices.hotelbookingservice.repository.HotelBookingRepository defined in @EnableJpaRepositories declared on JpaRepositoriesRegistrar.EnableJpaRepositoriesConfiguration: Invocation of init method failed; nested exception is java.lang.IllegalArgumentException: Failed to create query for method public abstract java.util.Optional com.ds.microservices.hotelbookingservice.repository.HotelBookingRepository.findByLocation(java.lang.String)! No property location found for type Hotel_Booking!
Caused by: org.springframework.beans.factory.UnsatisfiedDependencyException: Error creating bean with name 'hotelBookingImpl': Unsatisfied dependency expressed through field 'hotelbookingrepository'; nested exception is org.springframework.beans.factory.BeanCreationException: Error creating bean with name 'hotelBookingRepository' defined in com.ds.microservices.hotelbookingservice.repository.HotelBookingRepository defined in @EnableJpaRepositories declared on JpaRepositoriesRegistrar.EnableJpaRepositoriesConfiguration: Invocation of init method failed; nested exception is java.lang.IllegalArgumentException: Failed to create query for method public abstract java.util.Optional com.ds.microservices.hotelbookingservice.repository.HotelBookingRepository.findByLocation(java.lang.String)! No property location found for type Hotel_Booking!
Caused by: org.springframework.beans.factory.BeanCreationException: Error creating bean with name 'hotelBookingRepository' defined in com.ds.microservices.hotelbookingservice.repository.HotelBookingRepository defined in @EnableJpaRepositories declared on JpaRepositoriesRegistrar.EnableJpaRepositoriesConfiguration: Invocation of init method failed; nested exception is java.lang.IllegalArgumentException: Failed to create query for method public abstract java.util.Optional com.ds.microservices.hotelbookingservice.repository.HotelBookingRepository.findByLocation(java.lang.String)! No property location found for type Hotel_Booking!
Caused by: java.lang.IllegalArgumentException: Failed to create query for method public abstract java.util.Optional com.ds.microservices.hotelbookingservice.repository.HotelBookingRepository.findByLocation(java.lang.String)! No property location found for type Hotel_Booking!
Caused by: org.springframework.data.mapping.PropertyReferenceException: No property location found for type Hotel_Booking!

